hw1651
*   9c91edd 9th commit
|\  
| *   f08a89b 6th commit
| |\  
| * | ae1ea29 4th commit
* | |   0b979e3 8th commit
|\ \ \  
| | |/  
| |/|   
| * |   54fa553 5th commit
| |\ \  
| | |/  
| |/|   
| * | 86e4737 3rd commit
* | | 9de5d74 7th commit
| |/  
|/|   
* | c5a3278 2nd commit
|/  
* 7b2ba59 1st commit
kc3443
*   9faf656 Merge branch 'testing2'
|\  
| *   a87cffd 8th commit
| |\  
| * | 2f05298 4th commit
* | |   22b7b20 7th commit
|\ \ \  
| | |/  
| |/|   
| * |   68d707c 5th commit
| |\ \  
| | |/  
| |/|   
| * | b74ebfd 2nd commit
* | | 4370351 6th commit
| |/  
|/|   
* | 62bd652 3rd commit
|/  
* abd722e 1st commit
