kc3443
*   9faf656 Merge branch 'testing2'
|\  
| *   a87cffd 8th commit
| |\  
| * | 2f05298 4th commit
* | |   22b7b20 7th commit
|\ \ \  
| | |/  
| |/|   
| * |   68d707c 5th commit
| |\ \  
| | |/  
| |/|   
| * | b74ebfd 2nd commit
* | | 4370351 6th commit
| |/  
|/|   
* | 62bd652 3rd commit
|/  
* abd722e 1st commit
sc6439
*   4d801ae 9th
|\  
| *   217ecbf 6th
| |\  
| * | e073b4f 3rd
* | |   50bdadc 8th
|\ \ \  
| | |/  
| |/|   
| * |   bd4a4d3 5th
| |\ \  
| | |/  
| |/|   
| * | 9dc8212 2nd
* | | 9d14c9a 7th
| |/  
|/|   
* | 77d9f62 4th
|/  
* 36f3ba6 1st
